# JRE version: 7.0_11-b21
# Java VM: Java HotSpot(TM) 64-Bit Server VM (23.6-b04 mixed mode windows-amd64 compressed oops)
Heap
 PSYoungGen      total 89600K, used 27456K [0x00000000fa000000, 0x00000000ffeb0000, 0x0000000100000000)
  eden space 81856K, 29% used [0x00000000fa000000,0x00000000fb7e1ee8,0x00000000feff0000)
  from space 7744K, 38% used [0x00000000ff710000,0x00000000ff9fe318,0x00000000ffea0000)
  to   space 7296K, 0% used [0x00000000feff0000,0x00000000feff0000,0x00000000ff710000)
 ParOldGen       total 72192K, used 57504K [0x00000000e8000000, 0x00000000ec680000, 0x00000000fa000000)
  object space 72192K, 79% used [0x00000000e8000000,0x00000000eb8281b8,0x00000000ec680000)
 PSPermGen       total 95296K, used 58121K [0x00000000e0000000, 0x00000000e5d10000, 0x00000000e8000000)
  object space 95296K, 60% used [0x00000000e0000000,0x00000000e38c25a0,0x00000000e5d10000)
GC Heap History (10 events):
Event: 55.512 GC heap before
{Heap before GC invocations=35 (full 1):
 PSYoungGen      total 79360K, used 79352K [0x00000000fa000000, 0x00000000ffe50000, 0x0000000100000000)
  eden space 76672K, 100% used [0x00000000fa000000,0x00000000feae0000,0x00000000feae0000)
  from space 2688K, 99% used [0x00000000feae0000,0x00000000fed7e318,0x00000000fed80000)
  to   space 9856K, 0% used [0x00000000ff4b0000,0x00000000ff4b0000,0x00000000ffe50000)
 ParOldGen       total 72192K, used 57488K [0x00000000e8000000, 0x00000000ec680000, 0x00000000fa000000)
  object space 72192K, 79% used [0x00000000e8000000,0x00000000eb8241b8,0x00000000ec680000)
 PSPermGen       total 95296K, used 57740K [0x00000000e0000000, 0x00000000e5d10000, 0x00000000e8000000)
  object space 95296K, 60% used [0x00000000e0000000,0x00000000e38630b8,0x00000000e5d10000)
Event: 55.518 GC heap after
Heap after GC invocations=35 (full 1):
 PSYoungGen      total 87360K, used 3142K [0x00000000fa000000, 0x0000000100000000, 0x0000000100000000)
  eden space 77504K, 0% used [0x00000000fa000000,0x00000000fa000000,0x00000000febb0000)
  from space 9856K, 31% used [0x00000000ff4b0000,0x00000000ff7c1900,0x00000000ffe50000)
  to   space 9216K, 0% used [0x00000000febb0000,0x00000000febb0000,0x00000000ff4b0000)
 ParOldGen       total 72192K, used 57488K [0x00000000e8000000, 0x00000000ec680000, 0x00000000fa000000)
  object space 72192K, 79% used [0x00000000e8000000,0x00000000eb8241b8,0x00000000ec680000)
 PSPermGen       total 95296K, used 57740K [0x00000000e0000000, 0x00000000e5d10000, 0x00000000e8000000)
  object space 95296K, 60% used [0x00000000e0000000,0x00000000e38630b8,0x00000000e5d10000)
}
Event: 68.919 GC heap before
{Heap before GC invocations=36 (full 1):
 PSYoungGen      total 87360K, used 80646K [0x00000000fa000000, 0x0000000100000000, 0x0000000100000000)
  eden space 77504K, 100% used [0x00000000fa000000,0x00000000febb0000,0x00000000febb0000)
  from space 9856K, 31% used [0x00000000ff4b0000,0x00000000ff7c1900,0x00000000ffe50000)
  to   space 9216K, 0% used [0x00000000febb0000,0x00000000febb0000,0x00000000ff4b0000)
 ParOldGen       total 72192K, used 57488K [0x00000000e8000000, 0x00000000ec680000, 0x00000000fa000000)
  object space 72192K, 79% used [0x00000000e8000000,0x00000000eb8241b8,0x00000000ec680000)
 PSPermGen       total 95296K, used 57886K [0x00000000e0000000, 0x00000000e5d10000, 0x00000000e8000000)
  object space 95296K, 60% used [0x00000000e0000000,0x00000000e3887b98,0x00000000e5d10000)
Event: 68.925 GC heap after
Heap after GC invocations=36 (full 1):
 PSYoungGen      total 86720K, used 2936K [0x00000000fa000000, 0x00000000ffe60000, 0x0000000100000000)
  eden space 77504K, 0% used [0x00000000fa000000,0x00000000fa000000,0x00000000febb0000)
  from space 9216K, 31% used [0x00000000febb0000,0x00000000fee8e318,0x00000000ff4b0000)
  to   space 8704K, 0% used [0x00000000ff5e0000,0x00000000ff5e0000,0x00000000ffe60000)
 ParOldGen       total 72192K, used 57488K [0x00000000e8000000, 0x00000000ec680000, 0x00000000fa000000)
  object space 72192K, 79% used [0x00000000e8000000,0x00000000eb8241b8,0x00000000ec680000)
 PSPermGen       total 95296K, used 57886K [0x00000000e0000000, 0x00000000e5d10000, 0x00000000e8000000)
  object space 95296K, 60% used [0x00000000e0000000,0x00000000e3887b98,0x00000000e5d10000)
}
Event: 142.358 GC heap before
{Heap before GC invocations=37 (full 1):
 PSYoungGen      total 86720K, used 80440K [0x00000000fa000000, 0x00000000ffe60000, 0x0000000100000000)
  eden space 77504K, 100% used [0x00000000fa000000,0x00000000febb0000,0x00000000febb0000)
  from space 9216K, 31% used [0x00000000febb0000,0x00000000fee8e318,0x00000000ff4b0000)
  to   space 8704K, 0% used [0x00000000ff5e0000,0x00000000ff5e0000,0x00000000ffe60000)
 ParOldGen       total 72192K, used 57488K [0x00000000e8000000, 0x00000000ec680000, 0x00000000fa000000)
  object space 72192K, 79% used [0x00000000e8000000,0x00000000eb8241b8,0x00000000ec680000)
 PSPermGen       total 95296K, used 57965K [0x00000000e0000000, 0x00000000e5d10000, 0x00000000e8000000)
  object space 95296K, 60% used [0x00000000e0000000,0x00000000e389b578,0x00000000e5d10000)
Event: 142.689 GC heap after
Heap after GC invocations=37 (full 1):
 PSYoungGen      total 88448K, used 2968K [0x00000000fa000000, 0x00000000ffe80000, 0x0000000100000000)
  eden space 79744K, 0% used [0x00000000fa000000,0x00000000fa000000,0x00000000fede0000)
  from space 8704K, 34% used [0x00000000ff5e0000,0x00000000ff8c6318,0x00000000ffe60000)
  to   space 8192K, 0% used [0x00000000fede0000,0x00000000fede0000,0x00000000ff5e0000)
 ParOldGen       total 72192K, used 57496K [0x00000000e8000000, 0x00000000ec680000, 0x00000000fa000000)
  object space 72192K, 79% used [0x00000000e8000000,0x00000000eb8261b8,0x00000000ec680000)
 PSPermGen       total 95296K, used 57965K [0x00000000e0000000, 0x00000000e5d10000, 0x00000000e8000000)
  object space 95296K, 60% used [0x00000000e0000000,0x00000000e389b578,0x00000000e5d10000)
}
Event: 159.868 GC heap before
{Heap before GC invocations=38 (full 1):
 PSYoungGen      total 88448K, used 82712K [0x00000000fa000000, 0x00000000ffe80000, 0x0000000100000000)
  eden space 79744K, 100% used [0x00000000fa000000,0x00000000fede0000,0x00000000fede0000)
  from space 8704K, 34% used [0x00000000ff5e0000,0x00000000ff8c6318,0x00000000ffe60000)
  to   space 8192K, 0% used [0x00000000fede0000,0x00000000fede0000,0x00000000ff5e0000)
 ParOldGen       total 72192K, used 57496K [0x00000000e8000000, 0x00000000ec680000, 0x00000000fa000000)
  object space 72192K, 79% used [0x00000000e8000000,0x00000000eb8261b8,0x00000000ec680000)
 PSPermGen       total 95296K, used 57987K [0x00000000e0000000, 0x00000000e5d10000, 0x00000000e8000000)
  object space 95296K, 60% used [0x00000000e0000000,0x00000000e38a0e78,0x00000000e5d10000)
Event: 159.880 GC heap after
Heap after GC invocations=38 (full 1):
 PSYoungGen      total 87936K, used 3000K [0x00000000fa000000, 0x00000000ffea0000, 0x0000000100000000)
  eden space 79744K, 0% used [0x00000000fa000000,0x00000000fa000000,0x00000000fede0000)
  from space 8192K, 36% used [0x00000000fede0000,0x00000000ff0ce318,0x00000000ff5e0000)
  to   space 7744K, 0% used [0x00000000ff710000,0x00000000ff710000,0x00000000ffea0000)
 ParOldGen       total 72192K, used 57496K [0x00000000e8000000, 0x00000000ec680000, 0x00000000fa000000)
  object space 72192K, 79% used [0x00000000e8000000,0x00000000eb8261b8,0x00000000ec680000)
 PSPermGen       total 95296K, used 57987K [0x00000000e0000000, 0x00000000e5d10000, 0x00000000e8000000)
  object space 95296K, 60% used [0x00000000e0000000,0x00000000e38a0e78,0x00000000e5d10000)
}
Event: 216.881 GC heap before
{Heap before GC invocations=39 (full 1):
 PSYoungGen      total 87936K, used 82744K [0x00000000fa000000, 0x00000000ffea0000, 0x0000000100000000)
  eden space 79744K, 100% used [0x00000000fa000000,0x00000000fede0000,0x00000000fede0000)
  from space 8192K, 36% used [0x00000000fede0000,0x00000000ff0ce318,0x00000000ff5e0000)
  to   space 7744K, 0% used [0x00000000ff710000,0x00000000ff710000,0x00000000ffea0000)
 ParOldGen       total 72192K, used 57496K [0x00000000e8000000, 0x00000000ec680000, 0x00000000fa000000)
  object space 72192K, 79% used [0x00000000e8000000,0x00000000eb8261b8,0x00000000ec680000)
 PSPermGen       total 95296K, used 58070K [0x00000000e0000000, 0x00000000e5d10000, 0x00000000e8000000)
  object space 95296K, 60% used [0x00000000e0000000,0x00000000e38b58e0,0x00000000e5d10000)
Event: 217.591 GC heap after
Heap after GC invocations=39 (full 1):
 PSYoungGen      total 89600K, used 3000K [0x00000000fa000000, 0x00000000ffeb0000, 0x0000000100000000)
  eden space 81856K, 0% used [0x00000000fa000000,0x00000000fa000000,0x00000000feff0000)
  from space 7744K, 38% used [0x00000000ff710000,0x00000000ff9fe318,0x00000000ffea0000)
  to   space 7296K, 0% used [0x00000000feff0000,0x00000000feff0000,0x00000000ff710000)
 ParOldGen       total 72192K, used 57504K [0x00000000e8000000, 0x00000000ec680000, 0x00000000fa000000)
  object space 72192K, 79% used [0x00000000e8000000,0x00000000eb8281b8,0x00000000ec680000)
 PSPermGen       total 95296K, used 58070K [0x00000000e0000000, 0x00000000e5d10000, 0x00000000e8000000)
  object space 95296K, 60% used [0x00000000e0000000,0x00000000e38b58e0,0x00000000e5d10000)
}

